<?xml version="1.0" encoding="UTF-8"?>
<testsuite xmlns:xsi="http://www.w3.org/2001/XMLSchema-instance" xsi:noNamespaceSchemaLocation="https://maven.apache.org/surefire/maven-surefire-plugin/xsd/surefire-test-report-3.0.xsd" version="3.0" name="TestSuite" time="191.386" tests="2" errors="0" skipped="0" failures="1">
  <properties>
[...]
</properties>
  <testcase name="testGoogleSearch" classname="com.automation.TestExample" time="155.845">
    <system-out><![CDATA[01:06:18.443 [TestNG-tests-2] INFO  com.automation.BaseTest - Setting up test with browser: firefox
01:06:18.443 [TestNG-tests-1] INFO  com.automation.BaseTest - Setting up test with browser: chrome
01:06:25.174 [TestNG-tests-2] WARN  c.automation.utils.WebDriverCleanup - Could not fully clean WebDriver files after 3 attempts
01:06:25.174 [TestNG-tests-1] WARN  c.automation.utils.WebDriverCleanup - Could not fully clean WebDriver files after 3 attempts
01:06:26.240 [TestNG-tests-2] INFO  i.g.bonigarcia.wdm.WebDriverManager - Reading https://raw.githubusercontent.com/bonigarcia/webdrivermanager/master/docs/mirror/geckodriver to seek geckodriver
01:06:26.400 [TestNG-tests-1] INFO  i.g.bonigarcia.wdm.WebDriverManager - Using chromedriver 131.0.6778.264 (resolved driver for Chrome 131)
01:06:26.445 [TestNG-tests-2] INFO  i.g.bonigarcia.wdm.online.Downloader - Downloading https://github.com/mozilla/geckodriver/releases/download/v0.35.0/geckodriver-v0.35.0-win64.zip
01:06:26.525 [TestNG-tests-1] INFO  i.g.bonigarcia.wdm.online.Downloader - Downloading https://edgedl.me.gvt1.com/edgedl/chrome/chrome-for-testing/131.0.6778.264/win64/chromedriver-win64.zip
01:06:29.181 [TestNG-tests-2] INFO  i.g.bonigarcia.wdm.online.Downloader - Extracting driver from compressed file geckodriver-v0.35.0-win64.zip
01:06:29.223 [TestNG-tests-2] INFO  i.g.bonigarcia.wdm.WebDriverManager - Exporting webdriver.gecko.driver as C:\Users\Walter\CascadeProjects\windsurf-project\automation-framework\.wdm\geckodriver\win64\0.35.0\geckodriver.exe
01:06:29.225 [TestNG-tests-2] INFO  com.automation.BaseTest - FirefoxDriver binary path: null
01:06:29.226 [TestNG-tests-2] INFO  c.a.factory.WebDriverFactory - Creating WebDriver for browser: firefox
01:06:30.409 [TestNG-tests-2] INFO  i.g.bonigarcia.wdm.WebDriverManager - Using geckodriver 0.35.0 (resolved driver for Firefox 134)
01:06:30.414 [TestNG-tests-2] INFO  i.g.bonigarcia.wdm.WebDriverManager - Exporting webdriver.gecko.driver as C:\Users\Walter\CascadeProjects\windsurf-project\automation-framework\.wdm\geckodriver\win64\0.35.0\geckodriver.exe
01:06:30.732 [TestNG-tests-1] INFO  i.g.bonigarcia.wdm.online.Downloader - Extracting driver from compressed file chromedriver-win64.zip
01:06:30.872 [TestNG-tests-1] INFO  i.g.bonigarcia.wdm.WebDriverManager - Exporting webdriver.chrome.driver as C:\Users\Walter\CascadeProjects\windsurf-project\automation-framework\.wdm\chromedriver\win64\131.0.6778.264\chromedriver.exe
01:06:30.873 [TestNG-tests-1] INFO  com.automation.BaseTest - ChromeDriver binary path: null
01:06:30.873 [TestNG-tests-1] INFO  c.a.factory.WebDriverFactory - Creating WebDriver for browser: chrome
01:06:32.535 [TestNG-tests-1] INFO  i.g.bonigarcia.wdm.WebDriverManager - Using chromedriver 131.0.6778.264 (resolved driver for Chrome 131)
01:06:32.542 [TestNG-tests-1] INFO  i.g.bonigarcia.wdm.WebDriverManager - Exporting webdriver.chrome.driver as C:\Users\Walter\CascadeProjects\windsurf-project\automation-framework\.wdm\chromedriver\win64\131.0.6778.264\chromedriver.exe
01:06:33.617 [TestNG-tests-1] INFO  c.a.factory.WebDriverFactory - Driver configuration completed successfully
01:06:33.617 [TestNG-tests-1] INFO  c.a.factory.WebDriverFactory - WebDriver created successfully
01:06:33.617 [TestNG-tests-1] INFO  com.automation.BaseTest - WebDriver initialized successfully: ChromeDriver
01:06:33.618 [TestNG-tests-1] INFO  com.automation.BaseTest - System Information:
01:06:33.618 [TestNG-tests-1] INFO  com.automation.BaseTest - OS: Windows 11 10.0
01:06:33.618 [TestNG-tests-1] INFO  com.automation.BaseTest - Java Version: 21.0.5
01:06:33.618 [TestNG-tests-1] INFO  com.automation.BaseTest - Browser: ChromeDriver
01:06:33.618 [TestNG-tests-1] INFO  com.automation.BaseTest - Chrome Version: 131.0.6778.265
01:06:33.632 [TestNG-tests-1] INFO  com.automation.TestExample - Initializing Google homepage
01:06:33.637 [TestNG-tests-1] INFO  com.automation.pages.GoogleHomePage - GoogleHomePage initialized with driver: ChromeDriver
01:06:33.637 [TestNG-tests-1] INFO  com.automation.TestExample - Opening Google homepage
01:06:33.637 [TestNG-tests-1] INFO  com.automation.pages.GoogleHomePage - Attempting to open Google homepage: https://www.google.com
01:06:33.847 [TestNG-tests-2] INFO  c.a.factory.WebDriverFactory - Driver configuration completed successfully
01:06:33.847 [TestNG-tests-2] INFO  c.a.factory.WebDriverFactory - WebDriver created successfully
01:06:33.847 [TestNG-tests-2] INFO  com.automation.BaseTest - WebDriver initialized successfully: FirefoxDriver
01:06:33.847 [TestNG-tests-2] INFO  com.automation.BaseTest - System Information:
01:06:33.848 [TestNG-tests-2] INFO  com.automation.BaseTest - OS: Windows 11 10.0
01:06:33.848 [TestNG-tests-2] INFO  com.automation.BaseTest - Java Version: 21.0.5
01:06:33.848 [TestNG-tests-2] INFO  com.automation.BaseTest - Browser: FirefoxDriver
01:06:33.848 [TestNG-tests-2] INFO  com.automation.BaseTest - Firefox Version: 134.0.1
01:06:33.867 [TestNG-tests-2] INFO  com.automation.TestExample - Initializing Google homepage
01:06:33.867 [TestNG-tests-2] INFO  com.automation.pages.GoogleHomePage - GoogleHomePage initialized with driver: FirefoxDriver
01:06:33.868 [TestNG-tests-2] INFO  com.automation.TestExample - Opening Google homepage
01:06:33.868 [TestNG-tests-2] INFO  com.automation.pages.GoogleHomePage - Attempting to open Google homepage: https://www.google.com
01:06:36.004 [TestNG-tests-1] DEBUG com.automation.pages.GoogleHomePage - Page load completed successfully
01:06:36.747 [TestNG-tests-2] DEBUG com.automation.pages.GoogleHomePage - Page load completed successfully
01:06:46.067 [TestNG-tests-1] DEBUG com.automation.pages.GoogleHomePage - No 'Reject all' button found: no such element: Unable to locate element: {"method":"css selector","selector":"button[aria-label*='Reject all']"}
  (Session info: chrome=131.0.6778.265)
For documentation on this error, please visit: https://www.selenium.dev/documentation/webdriver/troubleshooting/errors#no-such-element-exception
Build info: version: '4.15.0', revision: '1d14b5521b'
System info: os.name: 'Windows 11', os.arch: 'amd64', os.version: '10.0', java.version: '21.0.5'
Driver info: org.openqa.selenium.chrome.ChromeDriver
Command: [29e1ba35afde164ea9eb0f3bb7dcca43, findChildElement {id=f.4146EFF73B969EC79C860442621191B3.d.64CC5A4FE62D2F3BB4D0F336F5BC57DF.e.26, using=css selector, value=button[aria-label*='Reject all']}]
Capabilities {acceptInsecureCerts: true, browserName: chrome, browserVersion: 131.0.6778.265, chrome: {chromedriverVersion: 131.0.6778.264 (2d05e315153..., userDataDir: C:\Users\Walter\AppData\Loc...}, fedcm:accounts: true, goog:chromeOptions: {debuggerAddress: localhost:49324}, networkConnectionEnabled: false, pageLoadStrategy: normal, platformName: windows, proxy: Proxy(), se:cdp: ws://localhost:49324/devtoo..., se:cdpVersion: 131.0.6778.265, setWindowRect: true, strictFileInteractability: false, timeouts: {implicit: 0, pageLoad: 300000, script: 30000}, unhandledPromptBehavior: dismiss and notify, webauthn:extension:credBlob: true, webauthn:extension:largeBlob: true, webauthn:extension:minPinLength: true, webauthn:extension:prf: true, webauthn:virtualAuthenticators: true}
Session ID: 29e1ba35afde164ea9eb0f3bb7dcca43
01:06:46.763 [TestNG-tests-2] DEBUG com.automation.pages.GoogleHomePage - No 'Reject all' button found: Unable to locate element: button[aria-label*='Reject all']
For documentation on this error, please visit: https://www.selenium.dev/documentation/webdriver/troubleshooting/errors#no-such-element-exception
Build info: version: '4.15.0', revision: '1d14b5521b'
System info: os.name: 'Windows 11', os.arch: 'amd64', os.version: '10.0', java.version: '21.0.5'
Driver info: org.openqa.selenium.firefox.FirefoxDriver
Command: [149f8a06-34a5-4477-bd3c-4723abca3a0d, findChildElement {id=f0f76a68-a1e1-4b65-991b-ab4fbda98dc3, using=css selector, value=button[aria-label*='Reject all']}]
Capabilities {acceptInsecureCerts: true, browserName: firefox, browserVersion: 134.0.1, moz:accessibilityChecks: false, moz:buildID: 20250113121357, moz:geckodriverVersion: 0.35.0, moz:headless: false, moz:platformVersion: 10.0, moz:processID: 24468, moz:profile: C:\Users\Walter\AppData\Loc..., moz:shutdownTimeout: 60000, moz:webdriverClick: true, moz:windowless: false, pageLoadStrategy: normal, platformName: windows, proxy: Proxy(), setWindowRect: true, strictFileInteractability: false, timeouts: {implicit: 0, pageLoad: 300000, script: 30000}, unhandledPromptBehavior: dismiss and notify, userAgent: Mozilla/5.0 (Windows NT 10....}
Session ID: 149f8a06-34a5-4477-bd3c-4723abca3a0d
01:06:56.132 [TestNG-tests-1] DEBUG com.automation.pages.GoogleHomePage - No 'Accept all' button found: no such element: Unable to locate element: {"method":"css selector","selector":"button[aria-label*='Accept all']"}
  (Session info: chrome=131.0.6778.265)
For documentation on this error, please visit: https://www.selenium.dev/documentation/webdriver/troubleshooting/errors#no-such-element-exception
Build info: version: '4.15.0', revision: '1d14b5521b'
System info: os.name: 'Windows 11', os.arch: 'amd64', os.version: '10.0', java.version: '21.0.5'
Driver info: org.openqa.selenium.chrome.ChromeDriver
Command: [29e1ba35afde164ea9eb0f3bb7dcca43, findChildElement {id=f.4146EFF73B969EC79C860442621191B3.d.64CC5A4FE62D2F3BB4D0F336F5BC57DF.e.26, using=css selector, value=button[aria-label*='Accept all']}]
Capabilities {acceptInsecureCerts: true, browserName: chrome, browserVersion: 131.0.6778.265, chrome: {chromedriverVersion: 131.0.6778.264 (2d05e315153..., userDataDir: C:\Users\Walter\AppData\Loc...}, fedcm:accounts: true, goog:chromeOptions: {debuggerAddress: localhost:49324}, networkConnectionEnabled: false, pageLoadStrategy: normal, platformName: windows, proxy: Proxy(), se:cdp: ws://localhost:49324/devtoo..., se:cdpVersion: 131.0.6778.265, setWindowRect: true, strictFileInteractability: false, timeouts: {implicit: 0, pageLoad: 300000, script: 30000}, unhandledPromptBehavior: dismiss and notify, webauthn:extension:credBlob: true, webauthn:extension:largeBlob: true, webauthn:extension:minPinLength: true, webauthn:extension:prf: true, webauthn:virtualAuthenticators: true}
Session ID: 29e1ba35afde164ea9eb0f3bb7dcca43
01:06:56.197 [TestNG-tests-1] INFO  com.automation.pages.GoogleHomePage - Google page verified successfully
01:06:56.197 [TestNG-tests-1] INFO  com.automation.pages.GoogleHomePage - Getting page title
01:06:56.205 [TestNG-tests-1] INFO  com.automation.pages.GoogleHomePage - Page title: Google
01:06:56.205 [TestNG-tests-1] INFO  com.automation.TestExample - Page title: Google
01:06:56.207 [TestNG-tests-1] INFO  com.automation.TestExample - Performing search for 'Selenium WebDriver'
01:06:56.214 [TestNG-tests-1] INFO  com.automation.pages.GoogleHomePage - Performing search for: Selenium WebDriver
01:06:56.769 [TestNG-tests-2] DEBUG com.automation.pages.GoogleHomePage - No 'Accept all' button found: Unable to locate element: button[aria-label*='Accept all']
For documentation on this error, please visit: https://www.selenium.dev/documentation/webdriver/troubleshooting/errors#no-such-element-exception
Build info: version: '4.15.0', revision: '1d14b5521b'
System info: os.name: 'Windows 11', os.arch: 'amd64', os.version: '10.0', java.version: '21.0.5'
Driver info: org.openqa.selenium.firefox.FirefoxDriver
Command: [149f8a06-34a5-4477-bd3c-4723abca3a0d, findChildElement {id=f0f76a68-a1e1-4b65-991b-ab4fbda98dc3, using=css selector, value=button[aria-label*='Accept all']}]
Capabilities {acceptInsecureCerts: true, browserName: firefox, browserVersion: 134.0.1, moz:accessibilityChecks: false, moz:buildID: 20250113121357, moz:geckodriverVersion: 0.35.0, moz:headless: false, moz:platformVersion: 10.0, moz:processID: 24468, moz:profile: C:\Users\Walter\AppData\Loc..., moz:shutdownTimeout: 60000, moz:webdriverClick: true, moz:windowless: false, pageLoadStrategy: normal, platformName: windows, proxy: Proxy(), setWindowRect: true, strictFileInteractability: false, timeouts: {implicit: 0, pageLoad: 300000, script: 30000}, unhandledPromptBehavior: dismiss and notify, userAgent: Mozilla/5.0 (Windows NT 10....}
Session ID: 149f8a06-34a5-4477-bd3c-4723abca3a0d
01:06:56.799 [TestNG-tests-2] INFO  com.automation.pages.GoogleHomePage - Google page verified successfully
01:06:56.799 [TestNG-tests-2] INFO  com.automation.pages.GoogleHomePage - Getting page title
01:06:56.802 [TestNG-tests-2] INFO  com.automation.pages.GoogleHomePage - Page title: Google
01:06:56.802 [TestNG-tests-2] INFO  com.automation.TestExample - Page title: Google
01:06:56.802 [TestNG-tests-2] INFO  com.automation.TestExample - Performing search for 'Selenium WebDriver'
01:06:56.805 [TestNG-tests-2] INFO  com.automation.pages.GoogleHomePage - Performing search for: Selenium WebDriver
01:07:06.524 [TestNG-tests-1] DEBUG com.automation.pages.BasePage - AJAX check failed: Expected condition failed: waiting for com.automation.pages.BasePage$$Lambda/0x000001e90739a6f8@3625622 (tried for 10 second(s) with 500 milliseconds interval)
Build info: version: '4.15.0', revision: '1d14b5521b'
System info: os.name: 'Windows 11', os.arch: 'amd64', os.version: '10.0', java.version: '21.0.5'
Driver info: org.openqa.selenium.chrome.ChromeDriver
Capabilities {acceptInsecureCerts: true, browserName: chrome, browserVersion: 131.0.6778.265, chrome: {chromedriverVersion: 131.0.6778.264 (2d05e315153..., userDataDir: C:\Users\Walter\AppData\Loc...}, fedcm:accounts: true, goog:chromeOptions: {debuggerAddress: localhost:49324}, networkConnectionEnabled: false, pageLoadStrategy: normal, platformName: windows, proxy: Proxy(), se:cdp: ws://localhost:49324/devtoo..., se:cdpVersion: 131.0.6778.265, setWindowRect: true, strictFileInteractability: false, timeouts: {implicit: 0, pageLoad: 300000, script: 30000}, unhandledPromptBehavior: dismiss and notify, webauthn:extension:credBlob: true, webauthn:extension:largeBlob: true, webauthn:extension:minPinLength: true, webauthn:extension:prf: true, webauthn:virtualAuthenticators: true}
Session ID: 29e1ba35afde164ea9eb0f3bb7dcca43
01:07:07.101 [TestNG-tests-2] DEBUG com.automation.pages.BasePage - AJAX check failed: Expected condition failed: waiting for com.automation.pages.BasePage$$Lambda/0x000001e90739a6f8@3625622 (tried for 10 second(s) with 500 milliseconds interval)
Build info: version: '4.15.0', revision: '1d14b5521b'
System info: os.name: 'Windows 11', os.arch: 'amd64', os.version: '10.0', java.version: '21.0.5'
Driver info: org.openqa.selenium.firefox.FirefoxDriver
Capabilities {acceptInsecureCerts: true, browserName: firefox, browserVersion: 134.0.1, moz:accessibilityChecks: false, moz:buildID: 20250113121357, moz:geckodriverVersion: 0.35.0, moz:headless: false, moz:platformVersion: 10.0, moz:processID: 24468, moz:profile: C:\Users\Walter\AppData\Loc..., moz:shutdownTimeout: 60000, moz:webdriverClick: true, moz:windowless: false, pageLoadStrategy: normal, platformName: windows, proxy: Proxy(), setWindowRect: true, strictFileInteractability: false, timeouts: {implicit: 0, pageLoad: 300000, script: 30000}, unhandledPromptBehavior: dismiss and notify, userAgent: Mozilla/5.0 (Windows NT 10....}
Session ID: 149f8a06-34a5-4477-bd3c-4723abca3a0d
01:07:18.188 [TestNG-tests-2] DEBUG com.automation.pages.GoogleHomePage - Page load completed successfully
01:07:18.189 [TestNG-tests-2] INFO  com.automation.pages.GoogleHomePage - Switched interface to English
01:07:18.515 [TestNG-tests-1] DEBUG com.automation.pages.GoogleHomePage - Page load completed successfully
01:07:18.515 [TestNG-tests-1] INFO  com.automation.pages.GoogleHomePage - Switched interface to English
01:08:10.469 [TestNG-tests-2] DEBUG com.automation.pages.BasePage - AJAX check failed: Expected condition failed: waiting for com.automation.pages.BasePage$$Lambda/0x000001e90739a6f8@3625622 (tried for 10 second(s) with 500 milliseconds interval)
Build info: version: '4.15.0', revision: '1d14b5521b'
System info: os.name: 'Windows 11', os.arch: 'amd64', os.version: '10.0', java.version: '21.0.5'
Driver info: org.openqa.selenium.firefox.FirefoxDriver
Capabilities {acceptInsecureCerts: true, browserName: firefox, browserVersion: 134.0.1, moz:accessibilityChecks: false, moz:buildID: 20250113121357, moz:geckodriverVersion: 0.35.0, moz:headless: false, moz:platformVersion: 10.0, moz:processID: 24468, moz:profile: C:\Users\Walter\AppData\Loc..., moz:shutdownTimeout: 60000, moz:webdriverClick: true, moz:windowless: false, pageLoadStrategy: normal, platformName: windows, proxy: Proxy(), setWindowRect: true, strictFileInteractability: false, timeouts: {implicit: 0, pageLoad: 300000, script: 30000}, unhandledPromptBehavior: dismiss and notify, userAgent: Mozilla/5.0 (Windows NT 10....}
Session ID: 149f8a06-34a5-4477-bd3c-4723abca3a0d
01:08:13.335 [TestNG-tests-1] DEBUG com.automation.pages.BasePage - AJAX check failed: Expected condition failed: waiting for com.automation.pages.BasePage$$Lambda/0x000001e90739a6f8@3625622 (tried for 10 second(s) with 500 milliseconds interval)
Build info: version: '4.15.0', revision: '1d14b5521b'
System info: os.name: 'Windows 11', os.arch: 'amd64', os.version: '10.0', java.version: '21.0.5'
Driver info: org.openqa.selenium.chrome.ChromeDriver
Capabilities {acceptInsecureCerts: true, browserName: chrome, browserVersion: 131.0.6778.265, chrome: {chromedriverVersion: 131.0.6778.264 (2d05e315153..., userDataDir: C:\Users\Walter\AppData\Loc...}, fedcm:accounts: true, goog:chromeOptions: {debuggerAddress: localhost:49324}, networkConnectionEnabled: false, pageLoadStrategy: normal, platformName: windows, proxy: Proxy(), se:cdp: ws://localhost:49324/devtoo..., se:cdpVersion: 131.0.6778.265, setWindowRect: true, strictFileInteractability: false, timeouts: {implicit: 0, pageLoad: 300000, script: 30000}, unhandledPromptBehavior: dismiss and notify, webauthn:extension:credBlob: true, webauthn:extension:largeBlob: true, webauthn:extension:minPinLength: true, webauthn:extension:prf: true, webauthn:virtualAuthenticators: true}
Session ID: 29e1ba35afde164ea9eb0f3bb7dcca43
01:08:30.769 [TestNG-tests-2] DEBUG com.automation.pages.BasePage - AJAX check failed: Expected condition failed: waiting for com.automation.pages.BasePage$$Lambda/0x000001e90739a6f8@3625622 (tried for 10 second(s) with 500 milliseconds interval)
Build info: version: '4.15.0', revision: '1d14b5521b'
System info: os.name: 'Windows 11', os.arch: 'amd64', os.version: '10.0', java.version: '21.0.5'
Driver info: org.openqa.selenium.firefox.FirefoxDriver
Capabilities {acceptInsecureCerts: true, browserName: firefox, browserVersion: 134.0.1, moz:accessibilityChecks: false, moz:buildID: 20250113121357, moz:geckodriverVersion: 0.35.0, moz:headless: false, moz:platformVersion: 10.0, moz:processID: 24468, moz:profile: C:\Users\Walter\AppData\Loc..., moz:shutdownTimeout: 60000, moz:webdriverClick: true, moz:windowless: false, pageLoadStrategy: normal, platformName: windows, proxy: Proxy(), setWindowRect: true, strictFileInteractability: false, timeouts: {implicit: 0, pageLoad: 300000, script: 30000}, unhandledPromptBehavior: dismiss and notify, userAgent: Mozilla/5.0 (Windows NT 10....}
Session ID: 149f8a06-34a5-4477-bd3c-4723abca3a0d
01:08:33.708 [TestNG-tests-1] DEBUG com.automation.pages.BasePage - AJAX check failed: Expected condition failed: waiting for com.automation.pages.BasePage$$Lambda/0x000001e90739a6f8@3625622 (tried for 10 second(s) with 500 milliseconds interval)
Build info: version: '4.15.0', revision: '1d14b5521b'
System info: os.name: 'Windows 11', os.arch: 'amd64', os.version: '10.0', java.version: '21.0.5'
Driver info: org.openqa.selenium.chrome.ChromeDriver
Capabilities {acceptInsecureCerts: true, browserName: chrome, browserVersion: 131.0.6778.265, chrome: {chromedriverVersion: 131.0.6778.264 (2d05e315153..., userDataDir: C:\Users\Walter\AppData\Loc...}, fedcm:accounts: true, goog:chromeOptions: {debuggerAddress: localhost:49324}, networkConnectionEnabled: false, pageLoadStrategy: normal, platformName: windows, proxy: Proxy(), se:cdp: ws://localhost:49324/devtoo..., se:cdpVersion: 131.0.6778.265, setWindowRect: true, strictFileInteractability: false, timeouts: {implicit: 0, pageLoad: 300000, script: 30000}, unhandledPromptBehavior: dismiss and notify, webauthn:extension:credBlob: true, webauthn:extension:largeBlob: true, webauthn:extension:minPinLength: true, webauthn:extension:prf: true, webauthn:virtualAuthenticators: true}
Session ID: 29e1ba35afde164ea9eb0f3bb7dcca43
01:08:40.777 [TestNG-tests-2] DEBUG c.a.pages.GoogleSearchResultsPage - Waiting for search results to load...
01:08:43.758 [TestNG-tests-1] DEBUG c.a.pages.GoogleSearchResultsPage - Waiting for search results to load...
01:08:50.801 [TestNG-tests-2] DEBUG com.automation.pages.BasePage - No 'Before you continue' dialog found
01:09:03.964 [TestNG-tests-1] INFO  com.automation.pages.BasePage - Accepted cookies through 'Before you continue' dialog
01:09:04.026 [TestNG-tests-1] INFO  c.a.pages.GoogleSearchResultsPage - Search results loaded successfully
01:09:04.027 [TestNG-tests-1] INFO  c.a.pages.GoogleSearchResultsPage - Search results page initialized
01:09:04.027 [TestNG-tests-1] INFO  com.automation.TestExample - Verifying search results
01:09:04.045 [TestNG-tests-1] DEBUG c.a.pages.GoogleSearchResultsPage - Found content container using: By.cssSelector: #main
01:09:06.124 [TestNG-tests-1] INFO  c.a.pages.GoogleSearchResultsPage - Found 106 search results using standard selectors
01:09:06.141 [TestNG-tests-1] DEBUG c.a.pages.GoogleSearchResultsPage - Found content container using: By.cssSelector: #main
01:09:07.917 [TestNG-tests-1] INFO  c.a.pages.GoogleSearchResultsPage - Found 109 search results using standard selectors
01:09:09.692 [TestNG-tests-1] INFO  com.automation.TestExample - Found 109 search results
01:09:09.693 [TestNG-tests-1] INFO  com.automation.TestExample - Test completed successfully
]]></system-out>
    <system-err><![CDATA[Jan 17, 2025 1:06:33 AM org.openqa.selenium.devtools.CdpVersionFinder findNearestMatch
WARNING: Unable to find CDP implementation matching 131
Jan 17, 2025 1:06:33 AM org.openqa.selenium.chromium.ChromiumDriver lambda$new$5
WARNING: Unable to find version of CDP to use for 131.0.6778.265. You may need to include a dependency on a specific version of the CDP using something similar to `org.seleniumhq.selenium:selenium-devtools-v86:4.15.0` where the version ("v86") matches the version of the chromium-based browser you're using and the version number of the artifact is the same as Selenium's.
]]></system-err>
  </testcase>
  <testcase name="testGoogleSearch" classname="com.automation.TestExample" time="168.607">
    <failure message="Test failed unexpectedly: Error communicating with the remote browser. It may have died.&#10;Build info: version: &apos;4.15.0&apos;, revision: &apos;1d14b5521b&apos;&#10;System info: os.name: &apos;Windows 11&apos;, os.arch: &apos;amd64&apos;, os.version: &apos;10.0&apos;, java.version: &apos;21.0.5&apos;&#10;Driver info: org.openqa.selenium.firefox.FirefoxDriver&#10;Command: [149f8a06-34a5-4477-bd3c-4723abca3a0d, getCurrentUrl []]&#10;Capabilities {acceptInsecureCerts: true, browserName: firefox, browserVersion: 134.0.1, moz:accessibilityChecks: false, moz:buildID: 20250113121357, moz:geckodriverVersion: 0.35.0, moz:headless: false, moz:platformVersion: 10.0, moz:processID: 24468, moz:profile: C:\Users\Walter\AppData\Loc..., moz:shutdownTimeout: 60000, moz:webdriverClick: true, moz:windowless: false, pageLoadStrategy: normal, platformName: windows, proxy: Proxy(), setWindowRect: true, strictFileInteractability: false, timeouts: {implicit: 0, pageLoad: 300000, script: 30000}, unhandledPromptBehavior: dismiss and notify, userAgent: Mozilla/5.0 (Windows NT 10....}&#10;Session ID: 149f8a06-34a5-4477-bd3c-4723abca3a0d" type="java.lang.AssertionError"><![CDATA[java.lang.AssertionError: 
Test failed unexpectedly: Error communicating with the remote browser. It may have died.
Build info: version: '4.15.0', revision: '1d14b5521b'
System info: os.name: 'Windows 11', os.arch: 'amd64', os.version: '10.0', java.version: '21.0.5'
Driver info: org.openqa.selenium.firefox.FirefoxDriver
Command: [149f8a06-34a5-4477-bd3c-4723abca3a0d, getCurrentUrl []]
Capabilities {acceptInsecureCerts: true, browserName: firefox, browserVersion: 134.0.1, moz:accessibilityChecks: false, moz:buildID: 20250113121357, moz:geckodriverVersion: 0.35.0, moz:headless: false, moz:platformVersion: 10.0, moz:processID: 24468, moz:profile: C:\Users\Walter\AppData\Loc..., moz:shutdownTimeout: 60000, moz:webdriverClick: true, moz:windowless: false, pageLoadStrategy: normal, platformName: windows, proxy: Proxy(), setWindowRect: true, strictFileInteractability: false, timeouts: {implicit: 0, pageLoad: 300000, script: 30000}, unhandledPromptBehavior: dismiss and notify, userAgent: Mozilla/5.0 (Windows NT 10....}
Session ID: 149f8a06-34a5-4477-bd3c-4723abca3a0d
	at org.testng.Assert.fail(Assert.java:111)
	at com.automation.TestExample.testGoogleSearch(TestExample.java:72)
	at java.base/jdk.internal.reflect.DirectMethodHandleAccessor.invoke(DirectMethodHandleAccessor.java:103)
	at java.base/java.lang.reflect.Method.invoke(Method.java:580)
	at org.testng.internal.invokers.MethodInvocationHelper.invokeMethod(MethodInvocationHelper.java:139)
	at org.testng.internal.invokers.TestInvoker.invokeMethod(TestInvoker.java:664)
	at org.testng.internal.invokers.TestInvoker.invokeTestMethod(TestInvoker.java:227)
	at org.testng.internal.invokers.MethodRunner.runInSequence(MethodRunner.java:50)
	at org.testng.internal.invokers.TestInvoker$MethodInvocationAgent.invoke(TestInvoker.java:957)
	at org.testng.internal.invokers.TestInvoker.invokeTestMethods(TestInvoker.java:200)
	at org.testng.internal.invokers.TestMethodWorker.invokeTestMethods(TestMethodWorker.java:148)
	at org.testng.internal.invokers.TestMethodWorker.run(TestMethodWorker.java:128)
	at java.base/java.util.ArrayList.forEach(ArrayList.java:1596)
	at org.testng.TestRunner.privateRun(TestRunner.java:848)
	at org.testng.TestRunner.run(TestRunner.java:621)
	at org.testng.SuiteRunner.runTest(SuiteRunner.java:443)
	at org.testng.SuiteRunner$SuiteWorker.run(SuiteRunner.java:481)
	at org.testng.internal.thread.ThreadUtil.lambda$execute$0(ThreadUtil.java:58)
	at java.base/java.util.concurrent.FutureTask.run(FutureTask.java:317)
	at java.base/java.util.concurrent.ThreadPoolExecutor.runWorker(ThreadPoolExecutor.java:1144)
	at java.base/java.util.concurrent.ThreadPoolExecutor$Worker.run(ThreadPoolExecutor.java:642)
	at java.base/java.lang.Thread.run(Thread.java:1583)
]]></failure>
    <system-out><![CDATA[01:09:09.695 [TestNG-tests-1] INFO  com.automation.BaseTest - Quitting WebDriver
01:09:09.702 [TestNG-tests-1] INFO  com.automation.BaseTest - Final URL before quit: https://www.google.com/search?q=Selenium+WebDriver&sca_esv=9ac0510498ee05ae&source=hp&ei=MZ-JZ5_kBqyNxc8PiqeywAo&iflsig=AL9hbdgAAAAAZ4mtQXvAcVPxpCLBFRU59Smr7I8Ru2Sh&ved=0ahUKEwjfwMyKu_uKAxWsRvEDHYqTDKgQ4dUDCA4&uact=5&oq=Selenium+WebDriver&gs_lp=Egdnd3Mtd2l6IhJTZWxlbml1bSBXZWJEcml2ZXIyBRAAGIAEMgUQABiABDIFEAAYgAQyBRAAGIAEMgUQABiABDIFEAAYgAQyBRAAGIAEMgUQABiABDIFEAAYgAQyBRAAGIAESMIOUABY3Q1wAHgAkAEAmAG4AaABpxKqAQQwLjE3uAEDyAEA-AEBmAIRoALWEsICCxAuGIAEGNEDGMcBwgIFEC4YgATCAgsQLhiABBjHARivAZgDAJIHBDAuMTegB6CFAQ&sclient=gws-wiz&sei=XZ-JZ9HtCfeL7NYPnIWb2QU
01:09:09.874 [TestNG-tests-1] INFO  com.automation.BaseTest - WebDriver quit successfully
01:09:10.172 [TestNG-tests-2] DEBUG com.automation.pages.BasePage - No cookie consent elements found
01:09:10.174 [TestNG-tests-2] DEBUG c.a.pages.GoogleSearchResultsPage - Language selection handling skipped: Error communicating with the remote browser. It may have died.
Build info: version: '4.15.0', revision: '1d14b5521b'
System info: os.name: 'Windows 11', os.arch: 'amd64', os.version: '10.0', java.version: '21.0.5'
Driver info: org.openqa.selenium.firefox.FirefoxDriver
Command: [149f8a06-34a5-4477-bd3c-4723abca3a0d, findElement [using, value]]
Capabilities {acceptInsecureCerts: true, browserName: firefox, browserVersion: 134.0.1, moz:accessibilityChecks: false, moz:buildID: 20250113121357, moz:geckodriverVersion: 0.35.0, moz:headless: false, moz:platformVersion: 10.0, moz:processID: 24468, moz:profile: C:\Users\Walter\AppData\Loc..., moz:shutdownTimeout: 60000, moz:webdriverClick: true, moz:windowless: false, pageLoadStrategy: normal, platformName: windows, proxy: Proxy(), setWindowRect: true, strictFileInteractability: false, timeouts: {implicit: 0, pageLoad: 300000, script: 30000}, unhandledPromptBehavior: dismiss and notify, userAgent: Mozilla/5.0 (Windows NT 10....}
Session ID: 149f8a06-34a5-4477-bd3c-4723abca3a0d
01:09:10.176 [TestNG-tests-2] DEBUG c.a.pages.GoogleSearchResultsPage - Search box not found, but continuing: Error communicating with the remote browser. It may have died.
Build info: version: '4.15.0', revision: '1d14b5521b'
System info: os.name: 'Windows 11', os.arch: 'amd64', os.version: '10.0', java.version: '21.0.5'
Driver info: org.openqa.selenium.firefox.FirefoxDriver
Command: [149f8a06-34a5-4477-bd3c-4723abca3a0d, findElement [using, value]]
Capabilities {acceptInsecureCerts: true, browserName: firefox, browserVersion: 134.0.1, moz:accessibilityChecks: false, moz:buildID: 20250113121357, moz:geckodriverVersion: 0.35.0, moz:headless: false, moz:platformVersion: 10.0, moz:processID: 24468, moz:profile: C:\Users\Walter\AppData\Loc..., moz:shutdownTimeout: 60000, moz:webdriverClick: true, moz:windowless: false, pageLoadStrategy: normal, platformName: windows, proxy: Proxy(), setWindowRect: true, strictFileInteractability: false, timeouts: {implicit: 0, pageLoad: 300000, script: 30000}, unhandledPromptBehavior: dismiss and notify, userAgent: Mozilla/5.0 (Windows NT 10....}
Session ID: 149f8a06-34a5-4477-bd3c-4723abca3a0d
01:09:12.494 [TestNG-tests-1] INFO  c.automation.utils.WebDriverCleanup - WebDriver files cleaned successfully
01:09:20.367 [TestNG-tests-2] DEBUG c.a.pages.GoogleSearchResultsPage - Content container strategy failed: Expected condition failed: waiting for com.automation.pages.GoogleSearchResultsPage$$Lambda/0x000001e90739e6b0@2822dd27 (tried for 10 second(s) with 500 milliseconds interval)
Build info: version: '4.15.0', revision: '1d14b5521b'
System info: os.name: 'Windows 11', os.arch: 'amd64', os.version: '10.0', java.version: '21.0.5'
Driver info: org.openqa.selenium.firefox.FirefoxDriver
Capabilities {acceptInsecureCerts: true, browserName: firefox, browserVersion: 134.0.1, moz:accessibilityChecks: false, moz:buildID: 20250113121357, moz:geckodriverVersion: 0.35.0, moz:headless: false, moz:platformVersion: 10.0, moz:processID: 24468, moz:profile: C:\Users\Walter\AppData\Loc..., moz:shutdownTimeout: 60000, moz:webdriverClick: true, moz:windowless: false, pageLoadStrategy: normal, platformName: windows, proxy: Proxy(), setWindowRect: true, strictFileInteractability: false, timeouts: {implicit: 0, pageLoad: 300000, script: 30000}, unhandledPromptBehavior: dismiss and notify, userAgent: Mozilla/5.0 (Windows NT 10....}
Session ID: 149f8a06-34a5-4477-bd3c-4723abca3a0d
01:09:20.368 [TestNG-tests-2] DEBUG c.a.pages.GoogleSearchResultsPage - Individual results strategy failed: Error communicating with the remote browser. It may have died.
Build info: version: '4.15.0', revision: '1d14b5521b'
System info: os.name: 'Windows 11', os.arch: 'amd64', os.version: '10.0', java.version: '21.0.5'
Driver info: org.openqa.selenium.firefox.FirefoxDriver
Command: [149f8a06-34a5-4477-bd3c-4723abca3a0d, findElements [using, value]]
Capabilities {acceptInsecureCerts: true, browserName: firefox, browserVersion: 134.0.1, moz:accessibilityChecks: false, moz:buildID: 20250113121357, moz:geckodriverVersion: 0.35.0, moz:headless: false, moz:platformVersion: 10.0, moz:processID: 24468, moz:profile: C:\Users\Walter\AppData\Loc..., moz:shutdownTimeout: 60000, moz:webdriverClick: true, moz:windowless: false, pageLoadStrategy: normal, platformName: windows, proxy: Proxy(), setWindowRect: true, strictFileInteractability: false, timeouts: {implicit: 0, pageLoad: 300000, script: 30000}, unhandledPromptBehavior: dismiss and notify, userAgent: Mozilla/5.0 (Windows NT 10....}
Session ID: 149f8a06-34a5-4477-bd3c-4723abca3a0d
01:09:20.372 [TestNG-tests-2] DEBUG com.automation.pages.GoogleHomePage - Initial results page load failed: Error communicating with the remote browser. It may have died.
Build info: version: '4.15.0', revision: '1d14b5521b'
System info: os.name: 'Windows 11', os.arch: 'amd64', os.version: '10.0', java.version: '21.0.5'
Driver info: org.openqa.selenium.firefox.FirefoxDriver
Command: [149f8a06-34a5-4477-bd3c-4723abca3a0d, getCurrentUrl []]
Capabilities {acceptInsecureCerts: true, browserName: firefox, browserVersion: 134.0.1, moz:accessibilityChecks: false, moz:buildID: 20250113121357, moz:geckodriverVersion: 0.35.0, moz:headless: false, moz:platformVersion: 10.0, moz:processID: 24468, moz:profile: C:\Users\Walter\AppData\Loc..., moz:shutdownTimeout: 60000, moz:webdriverClick: true, moz:windowless: false, pageLoadStrategy: normal, platformName: windows, proxy: Proxy(), setWindowRect: true, strictFileInteractability: false, timeouts: {implicit: 0, pageLoad: 300000, script: 30000}, unhandledPromptBehavior: dismiss and notify, userAgent: Mozilla/5.0 (Windows NT 10....}
Session ID: 149f8a06-34a5-4477-bd3c-4723abca3a0d
01:09:20.374 [TestNG-tests-2] DEBUG com.automation.pages.GoogleHomePage - Failed to wait for search results: Error communicating with the remote browser. It may have died.
Build info: version: '4.15.0', revision: '1d14b5521b'
System info: os.name: 'Windows 11', os.arch: 'amd64', os.version: '10.0', java.version: '21.0.5'
Driver info: org.openqa.selenium.firefox.FirefoxDriver
Command: [149f8a06-34a5-4477-bd3c-4723abca3a0d, refresh []]
Capabilities {acceptInsecureCerts: true, browserName: firefox, browserVersion: 134.0.1, moz:accessibilityChecks: false, moz:buildID: 20250113121357, moz:geckodriverVersion: 0.35.0, moz:headless: false, moz:platformVersion: 10.0, moz:processID: 24468, moz:profile: C:\Users\Walter\AppData\Loc..., moz:shutdownTimeout: 60000, moz:webdriverClick: true, moz:windowless: false, pageLoadStrategy: normal, platformName: windows, proxy: Proxy(), setWindowRect: true, strictFileInteractability: false, timeouts: {implicit: 0, pageLoad: 300000, script: 30000}, unhandledPromptBehavior: dismiss and notify, userAgent: Mozilla/5.0 (Windows NT 10....}
Session ID: 149f8a06-34a5-4477-bd3c-4723abca3a0d
01:09:20.390 [TestNG-tests-2] DEBUG com.automation.pages.GoogleHomePage - Enter key submission failed: Error communicating with the remote browser. It may have died.
Build info: version: '4.15.0', revision: '1d14b5521b'
System info: os.name: 'Windows 11', os.arch: 'amd64', os.version: '10.0', java.version: '21.0.5'
Driver info: org.openqa.selenium.firefox.FirefoxDriver
Command: [149f8a06-34a5-4477-bd3c-4723abca3a0d, executeScript [script, args]]
Capabilities {acceptInsecureCerts: true, browserName: firefox, browserVersion: 134.0.1, moz:accessibilityChecks: false, moz:buildID: 20250113121357, moz:geckodriverVersion: 0.35.0, moz:headless: false, moz:platformVersion: 10.0, moz:processID: 24468, moz:profile: C:\Users\Walter\AppData\Loc..., moz:shutdownTimeout: 60000, moz:webdriverClick: true, moz:windowless: false, pageLoadStrategy: normal, platformName: windows, proxy: Proxy(), setWindowRect: true, strictFileInteractability: false, timeouts: {implicit: 0, pageLoad: 300000, script: 30000}, unhandledPromptBehavior: dismiss and notify, userAgent: Mozilla/5.0 (Windows NT 10....}
Session ID: 149f8a06-34a5-4477-bd3c-4723abca3a0d
01:09:20.392 [TestNG-tests-2] DEBUG com.automation.pages.GoogleHomePage - Button click failed (attempt 1): Error communicating with the remote browser. It may have died.
Build info: version: '4.15.0', revision: '1d14b5521b'
System info: os.name: 'Windows 11', os.arch: 'amd64', os.version: '10.0', java.version: '21.0.5'
Driver info: org.openqa.selenium.firefox.FirefoxDriver
Command: [149f8a06-34a5-4477-bd3c-4723abca3a0d, findElements [using, value]]
Capabilities {acceptInsecureCerts: true, browserName: firefox, browserVersion: 134.0.1, moz:accessibilityChecks: false, moz:buildID: 20250113121357, moz:geckodriverVersion: 0.35.0, moz:headless: false, moz:platformVersion: 10.0, moz:processID: 24468, moz:profile: C:\Users\Walter\AppData\Loc..., moz:shutdownTimeout: 60000, moz:webdriverClick: true, moz:windowless: false, pageLoadStrategy: normal, platformName: windows, proxy: Proxy(), setWindowRect: true, strictFileInteractability: false, timeouts: {implicit: 0, pageLoad: 300000, script: 30000}, unhandledPromptBehavior: dismiss and notify, userAgent: Mozilla/5.0 (Windows NT 10....}
Session ID: 149f8a06-34a5-4477-bd3c-4723abca3a0d
01:09:20.393 [TestNG-tests-2] DEBUG com.automation.pages.GoogleHomePage - Form submit failed (attempt 1): Error communicating with the remote browser. It may have died.
Build info: version: '4.15.0', revision: '1d14b5521b'
System info: os.name: 'Windows 11', os.arch: 'amd64', os.version: '10.0', java.version: '21.0.5'
Driver info: org.openqa.selenium.firefox.FirefoxDriver
Command: [149f8a06-34a5-4477-bd3c-4723abca3a0d, findElement [using, value]]
Capabilities {acceptInsecureCerts: true, browserName: firefox, browserVersion: 134.0.1, moz:accessibilityChecks: false, moz:buildID: 20250113121357, moz:geckodriverVersion: 0.35.0, moz:headless: false, moz:platformVersion: 10.0, moz:processID: 24468, moz:profile: C:\Users\Walter\AppData\Loc..., moz:shutdownTimeout: 60000, moz:webdriverClick: true, moz:windowless: false, pageLoadStrategy: normal, platformName: windows, proxy: Proxy(), setWindowRect: true, strictFileInteractability: false, timeouts: {implicit: 0, pageLoad: 300000, script: 30000}, unhandledPromptBehavior: dismiss and notify, userAgent: Mozilla/5.0 (Windows NT 10....}
Session ID: 149f8a06-34a5-4477-bd3c-4723abca3a0d
01:09:20.393 [TestNG-tests-2] INFO  com.automation.pages.GoogleHomePage - Search submission attempt 1 failed, retrying...
01:09:21.406 [TestNG-tests-2] DEBUG com.automation.pages.GoogleHomePage - Enter key submission failed: Error communicating with the remote browser. It may have died.
Build info: version: '4.15.0', revision: '1d14b5521b'
System info: os.name: 'Windows 11', os.arch: 'amd64', os.version: '10.0', java.version: '21.0.5'
Driver info: org.openqa.selenium.firefox.FirefoxDriver
Command: [149f8a06-34a5-4477-bd3c-4723abca3a0d, executeScript [script, args]]
Capabilities {acceptInsecureCerts: true, browserName: firefox, browserVersion: 134.0.1, moz:accessibilityChecks: false, moz:buildID: 20250113121357, moz:geckodriverVersion: 0.35.0, moz:headless: false, moz:platformVersion: 10.0, moz:processID: 24468, moz:profile: C:\Users\Walter\AppData\Loc..., moz:shutdownTimeout: 60000, moz:webdriverClick: true, moz:windowless: false, pageLoadStrategy: normal, platformName: windows, proxy: Proxy(), setWindowRect: true, strictFileInteractability: false, timeouts: {implicit: 0, pageLoad: 300000, script: 30000}, unhandledPromptBehavior: dismiss and notify, userAgent: Mozilla/5.0 (Windows NT 10....}
Session ID: 149f8a06-34a5-4477-bd3c-4723abca3a0d
01:09:21.406 [TestNG-tests-2] DEBUG com.automation.pages.GoogleHomePage - Button click failed (attempt 2): Error communicating with the remote browser. It may have died.
Build info: version: '4.15.0', revision: '1d14b5521b'
System info: os.name: 'Windows 11', os.arch: 'amd64', os.version: '10.0', java.version: '21.0.5'
Driver info: org.openqa.selenium.firefox.FirefoxDriver
Command: [149f8a06-34a5-4477-bd3c-4723abca3a0d, findElements [using, value]]
Capabilities {acceptInsecureCerts: true, browserName: firefox, browserVersion: 134.0.1, moz:accessibilityChecks: false, moz:buildID: 20250113121357, moz:geckodriverVersion: 0.35.0, moz:headless: false, moz:platformVersion: 10.0, moz:processID: 24468, moz:profile: C:\Users\Walter\AppData\Loc..., moz:shutdownTimeout: 60000, moz:webdriverClick: true, moz:windowless: false, pageLoadStrategy: normal, platformName: windows, proxy: Proxy(), setWindowRect: true, strictFileInteractability: false, timeouts: {implicit: 0, pageLoad: 300000, script: 30000}, unhandledPromptBehavior: dismiss and notify, userAgent: Mozilla/5.0 (Windows NT 10....}
Session ID: 149f8a06-34a5-4477-bd3c-4723abca3a0d
01:09:21.420 [TestNG-tests-2] DEBUG com.automation.pages.GoogleHomePage - Form submit failed (attempt 2): Error communicating with the remote browser. It may have died.
Build info: version: '4.15.0', revision: '1d14b5521b'
System info: os.name: 'Windows 11', os.arch: 'amd64', os.version: '10.0', java.version: '21.0.5'
Driver info: org.openqa.selenium.firefox.FirefoxDriver
Command: [149f8a06-34a5-4477-bd3c-4723abca3a0d, findElement [using, value]]
Capabilities {acceptInsecureCerts: true, browserName: firefox, browserVersion: 134.0.1, moz:accessibilityChecks: false, moz:buildID: 20250113121357, moz:geckodriverVersion: 0.35.0, moz:headless: false, moz:platformVersion: 10.0, moz:processID: 24468, moz:profile: C:\Users\Walter\AppData\Loc..., moz:shutdownTimeout: 60000, moz:webdriverClick: true, moz:windowless: false, pageLoadStrategy: normal, platformName: windows, proxy: Proxy(), setWindowRect: true, strictFileInteractability: false, timeouts: {implicit: 0, pageLoad: 300000, script: 30000}, unhandledPromptBehavior: dismiss and notify, userAgent: Mozilla/5.0 (Windows NT 10....}
Session ID: 149f8a06-34a5-4477-bd3c-4723abca3a0d
01:09:21.420 [TestNG-tests-2] INFO  com.automation.pages.GoogleHomePage - Search submission attempt 2 failed, retrying...
01:09:22.432 [TestNG-tests-2] DEBUG com.automation.pages.GoogleHomePage - Enter key submission failed: Error communicating with the remote browser. It may have died.
Build info: version: '4.15.0', revision: '1d14b5521b'
System info: os.name: 'Windows 11', os.arch: 'amd64', os.version: '10.0', java.version: '21.0.5'
Driver info: org.openqa.selenium.firefox.FirefoxDriver
Command: [149f8a06-34a5-4477-bd3c-4723abca3a0d, executeScript [script, args]]
Capabilities {acceptInsecureCerts: true, browserName: firefox, browserVersion: 134.0.1, moz:accessibilityChecks: false, moz:buildID: 20250113121357, moz:geckodriverVersion: 0.35.0, moz:headless: false, moz:platformVersion: 10.0, moz:processID: 24468, moz:profile: C:\Users\Walter\AppData\Loc..., moz:shutdownTimeout: 60000, moz:webdriverClick: true, moz:windowless: false, pageLoadStrategy: normal, platformName: windows, proxy: Proxy(), setWindowRect: true, strictFileInteractability: false, timeouts: {implicit: 0, pageLoad: 300000, script: 30000}, unhandledPromptBehavior: dismiss and notify, userAgent: Mozilla/5.0 (Windows NT 10....}
Session ID: 149f8a06-34a5-4477-bd3c-4723abca3a0d
01:09:22.433 [TestNG-tests-2] DEBUG com.automation.pages.GoogleHomePage - Button click failed (attempt 3): Error communicating with the remote browser. It may have died.
Build info: version: '4.15.0', revision: '1d14b5521b'
System info: os.name: 'Windows 11', os.arch: 'amd64', os.version: '10.0', java.version: '21.0.5'
Driver info: org.openqa.selenium.firefox.FirefoxDriver
Command: [149f8a06-34a5-4477-bd3c-4723abca3a0d, findElements [using, value]]
Capabilities {acceptInsecureCerts: true, browserName: firefox, browserVersion: 134.0.1, moz:accessibilityChecks: false, moz:buildID: 20250113121357, moz:geckodriverVersion: 0.35.0, moz:headless: false, moz:platformVersion: 10.0, moz:processID: 24468, moz:profile: C:\Users\Walter\AppData\Loc..., moz:shutdownTimeout: 60000, moz:webdriverClick: true, moz:windowless: false, pageLoadStrategy: normal, platformName: windows, proxy: Proxy(), setWindowRect: true, strictFileInteractability: false, timeouts: {implicit: 0, pageLoad: 300000, script: 30000}, unhandledPromptBehavior: dismiss and notify, userAgent: Mozilla/5.0 (Windows NT 10....}
Session ID: 149f8a06-34a5-4477-bd3c-4723abca3a0d
01:09:22.435 [TestNG-tests-2] DEBUG com.automation.pages.GoogleHomePage - Form submit failed (attempt 3): Error communicating with the remote browser. It may have died.
Build info: version: '4.15.0', revision: '1d14b5521b'
System info: os.name: 'Windows 11', os.arch: 'amd64', os.version: '10.0', java.version: '21.0.5'
Driver info: org.openqa.selenium.firefox.FirefoxDriver
Command: [149f8a06-34a5-4477-bd3c-4723abca3a0d, findElement [using, value]]
Capabilities {acceptInsecureCerts: true, browserName: firefox, browserVersion: 134.0.1, moz:accessibilityChecks: false, moz:buildID: 20250113121357, moz:geckodriverVersion: 0.35.0, moz:headless: false, moz:platformVersion: 10.0, moz:processID: 24468, moz:profile: C:\Users\Walter\AppData\Loc..., moz:shutdownTimeout: 60000, moz:webdriverClick: true, moz:windowless: false, pageLoadStrategy: normal, platformName: windows, proxy: Proxy(), setWindowRect: true, strictFileInteractability: false, timeouts: {implicit: 0, pageLoad: 300000, script: 30000}, unhandledPromptBehavior: dismiss and notify, userAgent: Mozilla/5.0 (Windows NT 10....}
Session ID: 149f8a06-34a5-4477-bd3c-4723abca3a0d
01:09:22.437 [TestNG-tests-2] ERROR com.automation.TestExample - Test failed unexpectedly
org.openqa.selenium.remote.UnreachableBrowserException: Error communicating with the remote browser. It may have died.
Build info: version: '4.15.0', revision: '1d14b5521b'
System info: os.name: 'Windows 11', os.arch: 'amd64', os.version: '10.0', java.version: '21.0.5'
Driver info: org.openqa.selenium.firefox.FirefoxDriver
Command: [149f8a06-34a5-4477-bd3c-4723abca3a0d, getCurrentUrl []]
Capabilities {acceptInsecureCerts: true, browserName: firefox, browserVersion: 134.0.1, moz:accessibilityChecks: false, moz:buildID: 20250113121357, moz:geckodriverVersion: 0.35.0, moz:headless: false, moz:platformVersion: 10.0, moz:processID: 24468, moz:profile: C:\Users\Walter\AppData\Loc..., moz:shutdownTimeout: 60000, moz:webdriverClick: true, moz:windowless: false, pageLoadStrategy: normal, platformName: windows, proxy: Proxy(), setWindowRect: true, strictFileInteractability: false, timeouts: {implicit: 0, pageLoad: 300000, script: 30000}, unhandledPromptBehavior: dismiss and notify, userAgent: Mozilla/5.0 (Windows NT 10....}
Session ID: 149f8a06-34a5-4477-bd3c-4723abca3a0d
	at org.openqa.selenium.remote.RemoteWebDriver.execute(RemoteWebDriver.java:634)
	at org.openqa.selenium.remote.RemoteWebDriver.execute(RemoteWebDriver.java:680)
	at org.openqa.selenium.remote.RemoteWebDriver.execute(RemoteWebDriver.java:684)
	at org.openqa.selenium.remote.RemoteWebDriver.getCurrentUrl(RemoteWebDriver.java:321)
	at com.automation.pages.BasePage.safeExecute(BasePage.java:68)
	at com.automation.pages.GoogleHomePage.search(GoogleHomePage.java:60)
	at com.automation.TestExample.testGoogleSearch(TestExample.java:54)
	at java.base/jdk.internal.reflect.DirectMethodHandleAccessor.invoke(DirectMethodHandleAccessor.java:103)
	at java.base/java.lang.reflect.Method.invoke(Method.java:580)
	at org.testng.internal.invokers.MethodInvocationHelper.invokeMethod(MethodInvocationHelper.java:139)
	at org.testng.internal.invokers.TestInvoker.invokeMethod(TestInvoker.java:664)
	at org.testng.internal.invokers.TestInvoker.invokeTestMethod(TestInvoker.java:227)
	at org.testng.internal.invokers.MethodRunner.runInSequence(MethodRunner.java:50)
	at org.testng.internal.invokers.TestInvoker$MethodInvocationAgent.invoke(TestInvoker.java:957)
	at org.testng.internal.invokers.TestInvoker.invokeTestMethods(TestInvoker.java:200)
	at org.testng.internal.invokers.TestMethodWorker.invokeTestMethods(TestMethodWorker.java:148)
	at org.testng.internal.invokers.TestMethodWorker.run(TestMethodWorker.java:128)
	at java.base/java.util.ArrayList.forEach(ArrayList.java:1596)
	at org.testng.TestRunner.privateRun(TestRunner.java:848)
	at org.testng.TestRunner.run(TestRunner.java:621)
	at org.testng.SuiteRunner.runTest(SuiteRunner.java:443)
	at org.testng.SuiteRunner$SuiteWorker.run(SuiteRunner.java:481)
	at org.testng.internal.thread.ThreadUtil.lambda$execute$0(ThreadUtil.java:58)
	at java.base/java.util.concurrent.FutureTask.run(FutureTask.java:317)
	at java.base/java.util.concurrent.ThreadPoolExecutor.runWorker(ThreadPoolExecutor.java:1144)
	at java.base/java.util.concurrent.ThreadPoolExecutor$Worker.run(ThreadPoolExecutor.java:642)
	at java.base/java.lang.Thread.run(Thread.java:1583)
Caused by: java.io.UncheckedIOException: java.net.ConnectException
	at org.openqa.selenium.remote.http.jdk.JdkHttpClient.execute0(JdkHttpClient.java:450)
	at org.openqa.selenium.remote.http.AddSeleniumUserAgent.lambda$apply$0(AddSeleniumUserAgent.java:42)
	at org.openqa.selenium.remote.http.Filter.lambda$andFinally$1(Filter.java:55)
	at org.openqa.selenium.remote.http.jdk.JdkHttpClient.execute(JdkHttpClient.java:366)
	at org.openqa.selenium.remote.HttpCommandExecutor.execute(HttpCommandExecutor.java:188)
	at org.openqa.selenium.remote.service.DriverCommandExecutor.invokeExecute(DriverCommandExecutor.java:200)
	at org.openqa.selenium.remote.service.DriverCommandExecutor.execute(DriverCommandExecutor.java:175)
	at org.openqa.selenium.remote.RemoteWebDriver.execute(RemoteWebDriver.java:607)
	... 26 common frames omitted
Caused by: java.net.ConnectException: null
	at java.net.http/jdk.internal.net.http.common.Utils.toConnectException(Utils.java:1041)
	at java.net.http/jdk.internal.net.http.PlainHttpConnection.connectAsync(PlainHttpConnection.java:227)
	at java.net.http/jdk.internal.net.http.PlainHttpConnection.checkRetryConnect(PlainHttpConnection.java:280)
	at java.net.http/jdk.internal.net.http.PlainHttpConnection.lambda$connectAsync$2(PlainHttpConnection.java:238)
	at java.base/java.util.concurrent.CompletableFuture.uniHandle(CompletableFuture.java:934)
	at java.base/java.util.concurrent.CompletableFuture$UniHandle.tryFire(CompletableFuture.java:911)
	at java.base/java.util.concurrent.CompletableFuture.postComplete(CompletableFuture.java:510)
	at java.base/java.util.concurrent.CompletableFuture$AsyncSupply.run(CompletableFuture.java:1773)
	... 3 common frames omitted
Caused by: java.nio.channels.ClosedChannelException: null
	at java.base/sun.nio.ch.SocketChannelImpl.ensureOpen(SocketChannelImpl.java:202)
	at java.base/sun.nio.ch.SocketChannelImpl.beginConnect(SocketChannelImpl.java:786)
	at java.base/sun.nio.ch.SocketChannelImpl.connect(SocketChannelImpl.java:874)
	at java.net.http/jdk.internal.net.http.PlainHttpConnection.lambda$connectAsync$1(PlainHttpConnection.java:210)
	at java.base/java.security.AccessController.doPrivileged(AccessController.java:571)
	at java.net.http/jdk.internal.net.http.PlainHttpConnection.connectAsync(PlainHttpConnection.java:212)
	... 9 common frames omitted
]]></system-out>
  </testcase>
</testsuite>